"../../../../UE/CRPG/Content/AI/EQSTestPawn.uasset" 0
"../../../../UE/CRPG/Content/ExternalContent/AnimalVarietyPack/DeerStagAndDoe/Meshes/SK_DeerStag_Skeleton.uasset" 1
"../../../Engine/Content/Animation/DefaultAnimCurveCompressionSettings.uasset" 2
"../../../Engine/Content/Animation/DefaultAnimBoneCompressionSettings.uasset" 3
"../../../../UE/CRPG/Content/ExternalContent/AnimalVarietyPack/DeerStagAndDoe/Animations/ANIM_DeerStag_GoToRest.uasset" 4
"../../../../UE/CRPG/Content/ExternalContent/AnimalVarietyPack/DeerStagAndDoe/Animations/ANIM_DeerStag_GrazeOnce.uasset" 5
"../../../../UE/CRPG/Content/ExternalContent/AnimalVarietyPack/DeerStagAndDoe/Animations/ANIM_DeerStag_IdleChew.uasset" 6
"../../../../UE/CRPG/Content/ExternalContent/AnimalVarietyPack/DeerStagAndDoe/Animations/ANIM_DeerStag_IdleGraze.uasset" 7
"../../../../UE/CRPG/Content/ExternalContent/AnimalVarietyPack/DeerStagAndDoe/Animations/ANIM_DeerStag_Rest.uasset" 8
"../../../../UE/CRPG/Content/ExternalContent/AnimalVarietyPack/DeerStagAndDoe/Animations/ANIM_DeerStag_RestToGoBackUp.uasset" 9
"../../../../UE/CRPG/Content/ExternalContent/AnimalVarietyPack/DeerStagAndDoe/Animations/ANIM_DeerStag_Sleep.uasset" 10
"../../../../UE/CRPG/Content/ExternalContent/AnimalVarietyPack/DeerStagAndDoe/Animations/ANIM_DeerStag_SleepToGoBackUp.uasset" 11
"../../../../UE/CRPG/Content/ExternalContent/AnimalVarietyPack/DeerStagAndDoe/Animations/ANIM_DeerStag_WalkGraze_RM.uasset" 12
"../../../../UE/CRPG/Content/ExternalContent/AnimalVarietyPack/DeerStagAndDoe/Animations/ANIM_DeerStag_WalkTurnL.uasset" 13
"../../../../UE/CRPG/Content/ExternalContent/AnimalVarietyPack/DeerStagAndDoe/Animations/ANIM_DeerStag_WalkTurnL_RM.uasset" 14
"../../../../UE/CRPG/Content/ExternalContent/AnimalVarietyPack/DeerStagAndDoe/Animations/ANIM_DeerStag_WalkTurnR.uasset" 15
"../../../../UE/CRPG/Content/ExternalContent/AnimalVarietyPack/DeerStagAndDoe/Animations/ANIM_DeerStag_WalkTurnR_RM.uasset" 16
"../../../../UE/CRPG/Content/ExternalContent/AnimalVarietyPack/Fox/Meshes/SK_Fox_Skeleton.uasset" 17
"../../../../UE/CRPG/Content/ExternalContent/AnimalVarietyPack/Fox/Animations/ANIM_Fox_GoToRest.uasset" 18
"../../../../UE/CRPG/Content/ExternalContent/AnimalVarietyPack/Fox/Animations/ANIM_Fox_Resting.uasset" 19
"../../../../UE/CRPG/Content/ExternalContent/AnimalVarietyPack/Fox/Animations/ANIM_Fox_RestToGoBackUp.uasset" 20
"../../../../UE/CRPG/Content/ExternalContent/AnimalVarietyPack/Fox/Animations/ANIM_Fox_RunTurnL_RM.uasset" 21
"../../../../UE/CRPG/Content/ExternalContent/AnimalVarietyPack/Fox/Animations/ANIM_Fox_RunTurnR_RM.uasset" 22
"../../../../UE/CRPG/Content/ExternalContent/AnimalVarietyPack/Fox/Animations/ANIM_Fox_Sleeping.uasset" 23
"../../../../UE/CRPG/Content/ExternalContent/AnimalVarietyPack/Fox/Animations/ANIM_Fox_WalkTurnL_RM.uasset" 24
"../../../../UE/CRPG/Content/ExternalContent/AnimalVarietyPack/Fox/Animations/ANIM_Fox_WalkTurnR_RM.uasset" 25
"../../../../UE/CRPG/Content/ExternalContent/AnimalVarietyPack/Pig/Meshes/SK_Pig_Skeleton.uasset" 26
"../../../../UE/CRPG/Content/ExternalContent/AnimalVarietyPack/Pig/Animations/ANIM_Pig_GoBackUp.uasset" 27
"../../../../UE/CRPG/Content/ExternalContent/AnimalVarietyPack/Pig/Animations/ANIM_Pig_GoToRest.uasset" 28
"../../../../UE/CRPG/Content/ExternalContent/AnimalVarietyPack/Pig/Animations/ANIM_Pig_JumpAttack.uasset" 29
"../../../../UE/CRPG/Content/ExternalContent/AnimalVarietyPack/Pig/Animations/ANIM_Pig_JumpAttack_RM.uasset" 30
"../../../../UE/CRPG/Content/ExternalContent/AnimalVarietyPack/Pig/Animations/ANIM_Pig_Rest.uasset" 31
"../../../../UE/CRPG/Content/ExternalContent/AnimalVarietyPack/Pig/Animations/ANIM_Pig_RunTurnL.uasset" 32
"../../../../UE/CRPG/Content/ExternalContent/AnimalVarietyPack/Pig/Animations/ANIM_Pig_RunTurnL_RM.uasset" 33
"../../../../UE/CRPG/Content/ExternalContent/AnimalVarietyPack/Pig/Animations/ANIM_Pig_RunTurnR.uasset" 34
"../../../../UE/CRPG/Content/ExternalContent/AnimalVarietyPack/Pig/Animations/ANIM_Pig_RunTurnR_RM.uasset" 35
"../../../../UE/CRPG/Content/ExternalContent/AnimalVarietyPack/Pig/Animations/ANIM_Pig_WalkTurnL.uasset" 36
"../../../../UE/CRPG/Content/ExternalContent/AnimalVarietyPack/Pig/Animations/ANIM_Pig_WalkTurnL_RM.uasset" 37
"../../../../UE/CRPG/Content/ExternalContent/AnimalVarietyPack/Pig/Animations/ANIM_Pig_WalkTurnR.uasset" 38
"../../../../UE/CRPG/Content/ExternalContent/AnimalVarietyPack/Pig/Animations/ANIM_Pig_WalkTurnR_RM.uasset" 39
"../../../../UE/CRPG/Content/ExternalContent/AnimalVarietyPack/Wolf/Meshes/SK_Wolf_Skeleton.uasset" 40
"../../../../UE/CRPG/Content/ExternalContent/AnimalVarietyPack/Wolf/Animations/ANIM_Wolf_GoToRest.uasset" 41
"../../../../UE/CRPG/Content/ExternalContent/AnimalVarietyPack/Wolf/Animations/ANIM_Wolf_Rest.uasset" 42
"../../../../UE/CRPG/Content/ExternalContent/AnimalVarietyPack/Wolf/Animations/ANIM_Wolf_RestToGoBackUp.uasset" 43
"../../../../UE/CRPG/Content/ExternalContent/AnimalVarietyPack/Wolf/Animations/ANIM_Wolf_RunTurnL.uasset" 44
"../../../../UE/CRPG/Content/ExternalContent/AnimalVarietyPack/Wolf/Animations/ANIM_Wolf_RunTurnL_RM.uasset" 45
"../../../../UE/CRPG/Content/ExternalContent/AnimalVarietyPack/Wolf/Animations/ANIM_Wolf_RunTurnR.uasset" 46
"../../../../UE/CRPG/Content/ExternalContent/AnimalVarietyPack/Wolf/Animations/ANIM_Wolf_RunTurnR_RM.uasset" 47
"../../../../UE/CRPG/Content/ExternalContent/AnimalVarietyPack/Wolf/Animations/ANIM_Wolf_Sleep.uasset" 48
"../../../../UE/CRPG/Content/ExternalContent/AnimalVarietyPack/Wolf/Animations/ANIM_Wolf_WalkTurnL.uasset" 49
"../../../../UE/CRPG/Content/ExternalContent/AnimalVarietyPack/Wolf/Animations/ANIM_Wolf_WalkTurnL_RM.uasset" 50
"../../../../UE/CRPG/Content/ExternalContent/AnimalVarietyPack/Wolf/Animations/ANIM_Wolf_WalkTurnR.uasset" 51
"../../../../UE/CRPG/Content/ExternalContent/AnimalVarietyPack/Wolf/Animations/ANIM_Wolf_WalkTurnR_RM.uasset" 52
"../../../../UE/CRPG/Content/ExternalContents/PolygonCity/Meshes/Vehicles_Rigged/SK_Veh_Car_Muscle_01_Skeleton.uasset" 53
"../../../../UE/CRPG/Content/ExternalContents/PolygonCity/Meshes/Vehicles_Rigged/SK_Veh_Car_Muscle_01_PhysicsAsset.uasset" 54
"../../../../UE/CRPG/Content/ExternalContents/PolygonCity/Textures/T_PolygonCity_Texture_Roughness.uasset" 55
"../../../../UE/CRPG/Content/ExternalContents/PolygonCity/Textures/T_PolygonCity_Texture_Normal_01.uasset" 56
"../../../../UE/CRPG/Content/ExternalContents/PolygonCity/Textures/T_PolygonCity_Texture_Metallic.uasset" 57
"../../../../UE/CRPG/Content/ExternalContents/PolygonCity/Textures/T_PolygonCity_Texture_01_A.uasset" 58
"../../../../UE/CRPG/Content/ExternalContents/PolygonCity/Textures/T_PolygonCity_Emissive_01.uasset" 59
"../../../../UE/CRPG/Content/ExternalContents/PolygonCity/Materials/Mat_PolygonCity_Texture_01_A.uasset" 60
"../../../../UE/CRPG/Content/ExternalContents/PolygonCity/Materials/Mat_PolygonCity_Glass_Car_Windows.uasset" 61
"../../../../UE/CRPG/Content/ExternalContents/PolygonCity/Meshes/Vehicles_Rigged/SK_Veh_Car_Muscle_01.uasset" 62
"../../../../UE/CRPG/Content/ExternalContent/AnimalVarietyPack/Fox/Textures/T_Fox_Specular.uasset" 63
"../../../../UE/CRPG/Content/ExternalContent/AnimalVarietyPack/Fox/Textures/T_Fox_OcclusionRoughnessMetallic.uasset" 64
"../../../../UE/CRPG/Content/ExternalContent/AnimalVarietyPack/Fox/Textures/T_Fox_Nml.uasset" 65
"../../../../UE/CRPG/Content/ExternalContent/AnimalVarietyPack/Fox/Textures/T_Fox_BaseColor.uasset" 66
"../../../../UE/CRPG/Content/ExternalContent/AnimalVarietyPack/Fox/Materials/M_FoxFur.uasset" 67
"../../../../UE/CRPG/Content/ExternalContent/AnimalVarietyPack/Fox/Materials/M_Fox.uasset" 68
"../../../../UE/CRPG/Content/Meshes/StaticMesh.uasset" 69
"../../../../UE/CRPG/Content/UI/WBP_TextBoxWidget.uasset" 70
"../../../../UE/CRPG/Content/UI/WBP_SkillButton.uasset" 71
"../../../../UE/CRPG/Content/UI/WBP_ItemButton.uasset" 72
"../../../../UE/CRPG/Content/UI/WBP_PlayerBattleWidget.uasset" 73
"../../../../UE/CRPG/Content/UI/BP_CameraShake.uasset" 74
"../../../../UE/CRPG/Content/ExternalContent/AnimalVarietyPack/Fox/Animations/ANIM_Fox_Death.uasset" 75
"../../../../UE/CRPG/Content/Animations/AM_FoxDeath.uasset" 76
"../../../../UE/CRPG/Content/ExternalContent/AnimalVarietyPack/Fox/Animations/ANIM_Fox_Bite.uasset" 77
"../../../../UE/CRPG/Content/Animations/AM_FoxAttack.uasset" 78
"../../../../UE/CRPG/Content/Player/BP_BaseCharacter.uasset" 79
"../../../../UE/CRPG/Content/ExternalContent/AnimalVarietyPack/Fox/Meshes/SK_Fox_PhysicsAsset.uasset" 80
"../../../../UE/CRPG/Content/ExternalContent/AnimalVarietyPack/Fox/Meshes/SK_Fox.uasset" 81
"../../../../UE/CRPG/Content/ExternalContent/AnimalVarietyPack/Fox/Animations/ANIM_Fox_GetHitRight.uasset" 82
"../../../../UE/CRPG/Content/Animations/AM_FoxDamaged03.uasset" 83
"../../../../UE/CRPG/Content/ExternalContent/AnimalVarietyPack/Fox/Animations/ANIM_Fox_GetHitLeft.uasset" 84
"../../../../UE/CRPG/Content/Animations/AM_FoxDamaged02.uasset" 85
"../../../../UE/CRPG/Content/ExternalContent/AnimalVarietyPack/Fox/Animations/ANIM_Fox_GetHitFront.uasset" 86
"../../../../UE/CRPG/Content/Animations/AM_FoxDamaged01.uasset" 87
"../../../Engine/Content/EditorBlueprintResources/StandardMacros.uasset" 88
"../../../../UE/CRPG/Content/ExternalContent/AnimalVarietyPack/Fox/Animations/ANIM_Fox_WalkTurnR.uasset" 89
"../../../../UE/CRPG/Content/ExternalContent/AnimalVarietyPack/Fox/Animations/ANIM_Fox_WalkTurnL.uasset" 90
"../../../../UE/CRPG/Content/ExternalContent/AnimalVarietyPack/Fox/Animations/ANIM_Fox_Walk.uasset" 91
"../../../../UE/CRPG/Content/Animations/BS_FoxWalk.uasset" 92
"../../../../UE/CRPG/Content/ExternalContent/AnimalVarietyPack/Fox/Animations/ANIM_Fox_RunTurnR.uasset" 93
"../../../../UE/CRPG/Content/ExternalContent/AnimalVarietyPack/Fox/Animations/ANIM_Fox_RunTurnL.uasset" 94
"../../../../UE/CRPG/Content/ExternalContent/AnimalVarietyPack/Fox/Animations/ANIM_Fox_Run.uasset" 95
"../../../../UE/CRPG/Content/Animations/BS_FoxRun.uasset" 96
"../../../../UE/CRPG/Content/ExternalContent/AnimalVarietyPack/Fox/Animations/ANIM_Fox_IdleLookAround.uasset" 97
"../../../../UE/CRPG/Content/ExternalContent/AnimalVarietyPack/Fox/Animations/ANIM_Fox_IdleBreathe.uasset" 98
"../../../../UE/CRPG/Content/Animations/ABP_Fox.uasset" 99
"../../../../UE/CRPG/Content/Player/BP_PlayerCharacter.uasset" 100
"../../../../UE/CRPG/Content/Player/BP_CRPGPlayerCharacter.uasset" 101
"../../../Engine/Content/EngineMaterials/T_Default_Material_Grid_N.uasset" 102
"../../../Engine/Content/EngineMaterials/T_Default_Material_Grid_M.uasset" 103
"../../../Engine/Content/Functions/Engine_MaterialFunctions01/Opacity/CameraDepthFade.uasset" 104
"../../../Engine/Content/EngineMaterials/WorldGridMaterial.uasset" 105
"../../../Engine/Content/ArtTools/RenderToTexture/Meshes/S_1_Unit_Plane.uasset" 106
"../../../Engine/Content/EngineMaterials/DefaultMaterial.uasset" 107
"../../../Engine/Content/BasicShapes/Cone.uasset" 108
"../../../Engine/Content/BasicShapes/Cube.uasset" 109
"../../../Engine/Content/BasicShapes/Plane.uasset" 110
"../../../Engine/Content/BasicShapes/Sphere.uasset" 111
"../../../Engine/Content/EditorLandscapeResources/DataLayer.uasset" 112
"../../../Engine/Content/EditorLandscapeResources/DefaultAlphaTexture.uasset" 113
"../../../Engine/Content/EditorMaterials/MAT_Groups_Toggle.uasset" 114
"../../../Engine/Content/EditorMaterials/MAT_Groups_Visibility.uasset" 115
"../../../Engine/Content/EditorMaterials/PreviewShadowIndicator.uasset" 116
"../../../Engine/Content/EditorMaterials/PreviewShadowIndicatorMaterial.uasset" 117
"../../../Engine/Content/EditorMaterials/MatineeGroups/MAT_ColorTrack.uasset" 118
"../../../Engine/Content/EditorMaterials/MatineeGroups/MAT_Groups_Anim.uasset" 119
"../../../Engine/Content/EditorMaterials/MatineeGroups/MAT_Groups_AudioMaster.uasset" 120
"../../../Engine/Content/EditorMaterials/MatineeGroups/MAT_Groups_Director.uasset" 121
"../../../Engine/Content/EditorMaterials/MatineeGroups/MAT_Groups_Event.uasset" 122
"../../../Engine/Content/EditorMaterials/MatineeGroups/MAT_Groups_Fade.uasset" 123
"../../../Engine/Content/EditorMaterials/MatineeGroups/MAT_Groups_Float.uasset" 124
"../../../Engine/Content/EditorMaterials/MatineeGroups/MAT_Groups_Move.uasset" 125
"../../../Engine/Content/EditorMaterials/MatineeGroups/MAT_Groups_Slomo.uasset" 126
"../../../Engine/Content/EditorMaterials/MatineeGroups/MAT_Groups_Sound.uasset" 127
"../../../Engine/Content/EditorMaterials/MatineeGroups/MAT_Groups_Vector.uasset" 128
"../../../Engine/Content/EditorMaterials/ParticleSystems/PSysThumbnail_NoImage.uasset" 129
"../../../Engine/Content/EditorMaterials/ParticleSystems/PSysThumbnail_OOD.uasset" 130
"../../../Engine/Content/EditorMaterials/Camera/CineMat.uasset" 131
"../../../Engine/Content/EditorMaterials/Camera/MI_CineMat_Rig.uasset" 132
"../../../Engine/Content/EditorMeshes/Camera/SM_CraneRig_Arm.uasset" 133
"../../../Engine/Content/EditorMeshes/Camera/SM_CraneRig_Base.uasset" 134
"../../../Engine/Content/EditorMeshes/Camera/SM_CraneRig_Body.uasset" 135
"../../../Engine/Content/EditorMeshes/Camera/SM_CraneRig_Mount.uasset" 136
"../../../Engine/Content/EditorMeshes/Camera/SM_RailRig_Mount.uasset" 137
"../../../Engine/Content/EditorMeshes/Camera/SM_RailRig_Track.uasset" 138
"../../../Engine/Content/EditorResources/BSPVertex.uasset" 139
"../../../Engine/Content/EditorResources/EmptyActor.uasset" 140
"../../../Engine/Content/EditorResources/S_Actor.uasset" 141
"../../../Engine/Content/EditorResources/S_Note.uasset" 142
"../../../Engine/Content/EditorResources/S_Solver.uasset" 143
"../../../Engine/Content/EditorResources/S_Terrain.uasset" 144
"../../../Engine/Content/EditorResources/S_Trigger.uasset" 145
"../../../Engine/Content/EditorResources/LightIcons/S_LightError.uasset" 146
"../../../Engine/Content/EditorResources/SequenceRecorder/Countdown.uasset" 147
"../../../Engine/Content/EditorResources/SequenceRecorder/RecordingIndicator.uasset" 148
"../../../Engine/Content/EngineDamageTypes/DmgTypeBP_Environmental.uasset" 149
"../../../Engine/Content/EngineDebugMaterials/DebugEditorMaterial.uasset" 150
"../../../Engine/Content/EngineDebugMaterials/DebugMeshMaterial.uasset" 151
"../../../Engine/Content/EngineDebugMaterials/M_SimpleUnlitTranslucent.uasset" 152
"../../../Engine/Content/EngineDebugMaterials/VolumeToRender.uasset" 153
"../../../Engine/Content/Functions/Engine_MaterialFunctions02/Utility/CameraDirectionVector.uasset" 154
"../../../Engine/Content/EngineDebugMaterials/M_VolumeRenderSphereTracePP.uasset" 155
"../../../Engine/Content/Functions/Engine_MaterialFunctions01/Shading/ConvertFromDiffSpec.uasset" 156
"../../../Engine/Content/EngineDebugMaterials/VertexColorMaterial.uasset" 157
"../../../Engine/Content/EngineDebugMaterials/WireframeMaterial.uasset" 158
"../../../Engine/Content/EngineFonts/Faces/RobotoRegular.uasset" 159
"../../../Engine/Content/EngineFonts/Faces/RobotoLight.uasset" 160
"../../../Engine/Content/EngineFonts/Faces/RobotoItalic.uasset" 161
"../../../Engine/Content/EngineFonts/Faces/RobotoBoldItalic.uasset" 162
"../../../Engine/Content/EngineFonts/Faces/RobotoBold.uasset" 163
"../../../Engine/Content/EngineFonts/Faces/DroidSansFallback.uasset" 164
"../../../Engine/Content/EngineFonts/Roboto.uasset" 165
"../../../Engine/Content/EngineMaterials/BaseFlattenNormalMap.uasset" 166
"../../../Engine/Content/EngineMaterials/BaseFlattenGrayscaleMap.uasset" 167
"../../../Engine/Content/EngineMaterials/BaseFlattenEmissiveMap.uasset" 168
"../../../Engine/Content/EngineMaterials/BaseFlattenDiffuseMap.uasset" 169
"../../../Engine/Content/EngineMaterials/BaseFlattenMaterial.uasset" 170
"../../../Engine/Content/EngineMaterials/BlueNoise.uasset" 171
"../../../Engine/Content/EngineMaterials/DefaultBloomKernel.uasset" 172
"../../../Engine/Content/EngineMaterials/DefaultBokeh.uasset" 173
"../../../Engine/Content/EngineMaterials/DefaultDiffuse.uasset" 174
"../../../Engine/Content/EngineMaterials/DefaultDeferredDecalMaterial.uasset" 175
"../../../Engine/Content/EngineMaterials/DefaultLightFunctionMaterial.uasset" 176
"../../../Engine/Content/EngineMaterials/DefaultPhysicalMaterial.uasset" 177
"../../../Engine/Content/Functions/Engine_MaterialFunctions02/Utility/BreakOutFloat2Components.uasset" 178
"../../../Engine/Content/EngineMaterials/DefaultPostProcessMaterial.uasset" 179
"../../../Engine/Content/EngineFonts/RobotoDistanceField.uasset" 180
"../../../Engine/Content/EngineMaterials/DefaultTextMaterialOpaque.uasset" 181
"../../../Engine/Content/EngineMaterials/DefaultWhiteGrid.uasset" 182
"../../../Engine/Content/EngineMaterials/DefaultWhiteGrid_Low.uasset" 183
"../../../Engine/Content/EngineMaterials/EmissiveMeshMaterial.uasset" 184
"../../../Engine/Content/EngineMaterials/GizmoMaterial.uasset" 185
"../../../Engine/Content/EngineMaterials/Good64x64TilingNoiseHighFreq.uasset" 186
"../../../Engine/Content/EngineMaterials/MiniFont.uasset" 187
"../../../Engine/Content/EngineMaterials/InvalidLightmapSettings.uasset" 188
"../../../Engine/Content/EngineMaterials/M_InvalidLightmapSettings.uasset" 189
"../../../Engine/Content/Functions/Engine_MaterialFunctions02/WorldPositionOffset/CameraOffset.uasset" 190
"../../../Engine/Content/EngineMaterials/PhAT_JointLimitMaterial.uasset" 191
"../../../Engine/Content/EngineMaterials/PreintegratedSkinBRDF.uasset" 192
"../../../Engine/Content/EngineMaterials/RemoveSurfaceMaterial.uasset" 193
"../../../Engine/Content/EngineMaterials/WeightMapPlaceholderTexture.uasset" 194
"../../../Engine/Content/EngineResources/WhiteSquareTexture.uasset" 195
"../../../Engine/Content/EngineMaterials/Widget3DPassThrough.uasset" 196
"../../../Engine/Content/EngineMaterials/Widget3DPassThrough_Masked.uasset" 197
"../../../Engine/Content/EngineMaterials/Widget3DPassThrough_Opaque.uasset" 198
"../../../Engine/Content/EngineMaterials/Widget3DPassThrough_Masked_OneSided.uasset" 199
"../../../Engine/Content/EngineMaterials/Widget3DPassThrough_Opaque_OneSided.uasset" 200
"../../../Engine/Content/EngineMaterials/Widget3DPassThrough_Translucent.uasset" 201
"../../../Engine/Content/EngineMaterials/Widget3DPassThrough_Translucent_OneSided.uasset" 202
"../../../Engine/Content/EngineMeshes/Cylinder.uasset" 203
"../../../Engine/Content/EngineMeshes/Sphere.uasset" 204
"../../../Engine/Content/EngineResources/Black.uasset" 205
"../../../Engine/Content/EngineResources/DefaultTextureCube.uasset" 206
"../../../Engine/Content/EngineResources/DefaultVolumeTexture2D.uasset" 207
"../../../Engine/Content/EngineResources/DefaultVolumeTexture.uasset" 208
"../../../Engine/Content/EngineResources/GradientTexture0.uasset" 209
"../../../Engine/Content/EngineSky/VolumetricClouds/T_NoiseShape64.uasset" 210
"../../../Engine/Content/EngineSky/VolumetricClouds/T_VolumeNoiseShape64.uasset" 211
"../../../Engine/Content/EngineSky/VolumetricClouds/T_NoiseErosion.uasset" 212
"../../../Engine/Content/EngineSky/VolumetricClouds/T_VolumeNoiseErosion32.uasset" 213
"../../../Engine/Content/EngineSky/VolumetricClouds/CloudWeatherTexture.uasset" 214
"../../../Engine/Content/EngineSky/VolumetricClouds/CloudGradientTexture.uasset" 215
"../../../Engine/Content/Functions/Engine_MaterialFunctions02/Utility/MakeFloat2.uasset" 216
"../../../Engine/Content/EngineSky/VolumetricClouds/m_SimpleVolumetricCloud.uasset" 217
"../../../Engine/Content/EngineSky/VolumetricClouds/m_SimpleVolumetricCloud_Inst.uasset" 218
"../../../Engine/Content/EngineSounds/Master.uasset" 219
"../../../Engine/Content/Functions/Engine_MaterialFunctions01/Shading/PowerToRoughness.uasset" 220
"../../../Engine/Content/Maps/Templates/Thumbnails/Default.uasset" 221
"../../../Engine/Content/Maps/Templates/Thumbnails/TimeOfDay.uasset" 222
"../../../Engine/Content/Maps/Templates/Thumbnails/VR-Basic.uasset" 223
"../../../Engine/Content/MobileResources/T_MobileControls_texture.uasset" 224
"../../../Engine/Content/MobileResources/T_MobileMenu2.uasset" 225
"../../../Engine/Content/MobileResources/HUD/AnalogHat.uasset" 226
"../../../Engine/Content/MobileResources/HUD/VirtualJoystick_Thumb.uasset" 227
"../../../Engine/Content/MobileResources/HUD/VirtualJoystick_Background.uasset" 228
"../../../Engine/Content/MobileResources/HUD/DefaultVirtualJoysticks.uasset" 229
"../../../Engine/Content/MobileResources/HUD/LeftVirtualJoystickOnly.uasset" 230
"../../../Engine/Content/MobileResources/HUD/MobileHUDButton1_off.uasset" 231
"../../../Engine/Content/MobileResources/HUD/MobileHUDButton1_on.uasset" 232
"../../../Engine/Content/MobileResources/HUD/MobileHUDButton2_off.uasset" 233
"../../../Engine/Content/MobileResources/HUD/MobileHUDButton2_on.uasset" 234
"../../../Engine/Content/MobileResources/HUD/MobileHUDButton3.uasset" 235
"../../../Engine/Content/MobileResources/HUD/MobileHUDButtonFire.uasset" 236
"../../../Engine/Content/MobileResources/HUD/MobileHUDDirectionPad.uasset" 237
"../../../Engine/Content/MobileResources/HUD/MobileHUDDirectionPad2.uasset" 238
"../../../Engine/Content/MobileResources/HUD/MobileHUDDirectionPad3.uasset" 239
"../../../Engine/Content/MobileResources/HUD/MobileHUDDirectionStick.uasset" 240
"../../../Engine/Content/MobileResources/HUD/T_Castle_ThumbstickInner.uasset" 241
"../../../Engine/Content/MobileResources/HUD/T_Castle_ThumbstickOutter.uasset" 242
"../../../Engine/Content/Tutorial/ContentIntroCurve.uasset" 243
"../../../Engine/Content/Tutorial/Basics/LevelEditorAttract.uasset" 244
"../../../Engine/Content/Tutorial/Basics/TutorialAssets/icon_tab_Levels_40x.uasset" 245
"../../../Engine/Content/Tutorial/Basics/LevelEditorOverview.uasset" 246
"../../../Engine/Content/VREditor/TransformGizmo/TranslucentTransformGizmoMaterial.uasset" 247
"../../../Engine/Content/VREditor/LaserPointer/VR_LaserPower_01.uasset" 248
"../../../Engine/Content/VREditor/TransformGizmo/TransformGizmoMaterial.uasset" 249
"../../../Engine/Content/VREditor/TransformGizmo/BoundingBoxCorner.uasset" 250
"../../../Engine/Content/VREditor/TransformGizmo/BoundingBoxEdge.uasset" 251
"../../../Engine/Content/VREditor/TransformGizmo/PlaneTranslationHandle.uasset" 252
"../../../Engine/Content/VREditor/TransformGizmo/Xray.uasset" 253
"../../../Engine/Content/VREditor/TransformGizmo/Main.uasset" 254
"../../../Engine/Content/VREditor/TransformGizmo/SM_Sequencer_Key.uasset" 255
"../../../Engine/Content/VREditor/TransformGizmo/SM_Sequencer_Node.uasset" 256
"../../Plugins/2D/Paper2D/Content/PlaceholderTextures/DummySpriteTexture.uasset" 257
"../../Plugins/2D/Paper2D/Content/DummySprite.uasset" 258
"../../Plugins/2D/Paper2D/Content/DefaultPaperTerrainMaterial.uasset" 259
"../../Plugins/2D/Paper2D/Content/DefaultSpriteMaterial.uasset" 260
"../../Plugins/2D/Paper2D/Content/MaskedUnlitSpriteMaterial.uasset" 261
"../../Plugins/2D/Paper2D/Content/OpaqueUnlitSpriteMaterial.uasset" 262
"../../../Engine/Content/Functions/Engine_MaterialFunctions02/Utility/BreakOutFloat3Components.uasset" 263
"../../Plugins/Editor/SpeedTreeImporter/Content/SpeedTree9/UnpackInteger3.uasset" 264
"../../Plugins/Editor/SpeedTreeImporter/Content/SpeedTree9/UnpackDirection.uasset" 265
"../../Plugins/Editor/SpeedTreeImporter/Content/SpeedTree9/game_wind_noise.uasset" 266
"../../../Engine/Content/Functions/Engine_MaterialFunctions02/SafeNormalize.uasset" 267
"../../Plugins/Editor/SpeedTreeImporter/Content/SpeedTree9/SpeedTreeWindMotion.uasset" 268
"../../Plugins/Editor/SpeedTreeImporter/Content/SpeedTree9/SpeedTreeBranchMotion.uasset" 269
"../../../Engine/Content/Functions/Engine_MaterialFunctions02/ObjectLocalBounds.uasset" 270
"../../../Engine/Content/Functions/Engine_MaterialFunctions02/UVs/BoundingBoxBased_0-1_UVW.uasset" 271
"../../Plugins/Editor/SpeedTreeImporter/Content/SpeedTree9/SpeedTreeWind.uasset" 272
"../../Plugins/Editor/SpeedTreeImporter/Content/SpeedTree9/SpeedTreeBillboard.uasset" 273
"../../../Engine/Content/EngineResources/DefaultTexture.uasset" 274
"../../Plugins/Editor/SpeedTreeImporter/Content/SpeedTree9/SpeedTreeBillboardMaster.uasset" 275
"../../Plugins/Editor/SpeedTreeImporter/Content/SpeedTree9/SpeedTreeCameraFacing.uasset" 276
"../../Plugins/Editor/SpeedTreeImporter/Content/SpeedTree9/SpeedTreeMaster.uasset" 277
"../../../Engine/Content/ArtTools/RenderToTexture/Materials/Debug/M_Emissive_Color.uasset" 278
"../../../Engine/Content/BasicShapes/Cylinder.uasset" 279
"../../Plugins/Lumin/MagicLeapPassableWorld/Content/MagicLeapARPinInfoActor.uasset" 280
"../../../Engine/Content/Functions/Engine_MaterialFunctions02/Utility/BreakOutFloat4Components.uasset" 281
"../../../Engine/Content/Functions/Engine_MaterialFunctions02/Utility/MakeFloat3.uasset" 282
"../../Plugins/Runtime/Oculus/OculusVR/Content/Materials/OculusMR_ChromaKey.uasset" 283
"../../Plugins/Runtime/Oculus/OculusVR/Content/Materials/OculusMR_OpaqueColoredMaterial.uasset" 284
"../../Plugins/Runtime/Oculus/OculusVR/Content/Materials/PokeAHoleMaterial.uasset" 285
"../../../../UE/CRPG/Content/ExternalContent/AnimalVarietyPack/Crow/Meshes/SK_Crow_PhysicsAsset.uasset" 286
"../../../../UE/CRPG/Content/ExternalContent/AnimalVarietyPack/Crow/Textures/T_Crow_Specular.uasset" 287
"../../../../UE/CRPG/Content/ExternalContent/AnimalVarietyPack/Crow/Textures/T_Crow_OcclusionRoughnessMetallic.uasset" 288
"../../../../UE/CRPG/Content/ExternalContent/AnimalVarietyPack/Crow/Textures/T_Crow_Nml.uasset" 289
"../../../../UE/CRPG/Content/ExternalContent/AnimalVarietyPack/Crow/Textures/T_Crow_BaseColor.uasset" 290
"../../../../UE/CRPG/Content/ExternalContent/AnimalVarietyPack/Crow/Materials/M_Crow.uasset" 291
"../../../../UE/CRPG/Content/ExternalContent/AnimalVarietyPack/Crow/Meshes/SK_Crow_Skeleton.uasset" 292
"../../../../UE/CRPG/Content/ExternalContent/AnimalVarietyPack/Crow/Meshes/SK_Crow.uasset" 293
"../../../Engine/Content/MapTemplates/SM_Template_Map_Floor.uasset" 294
"../../../Engine/Content/EngineSky/T_Sky_Stars.uasset" 295
"../../../Engine/Content/EngineSky/T_Sky_Clouds_M.uasset" 296
"../../../Engine/Content/EngineSky/T_Sky_Blue.uasset" 297
"../../../../UE/CRPG/Content/ExternalContent/AnimalVarietyPack/Crow/Maps/Overview_BuiltData.uasset" 298
"../../../Engine/Content/EngineSky/M_Sky_Panning_Clouds2.uasset" 299
"../../../Engine/Content/EngineSky/SM_SkySphere.uasset" 300
"../../../Engine/Content/EngineSky/C_Sky_Zenith_Color.uasset" 301
"../../../Engine/Content/EngineSky/C_Sky_Horizon_Color.uasset" 302
"../../../Engine/Content/EngineSky/C_Sky_Cloud_Color.uasset" 303
"../../../Engine/Content/EngineSky/BP_Sky_Sphere.uasset" 304
"../../../../UE/CRPG/Content/ExternalContent/AnimalVarietyPack/Crow/Animations/ANIM_Crow_Walk_RM.uasset" 305
"../../../../UE/CRPG/Content/ExternalContent/AnimalVarietyPack/Crow/Animations/ANIM_Crow_Walk.uasset" 306
"../../../../UE/CRPG/Content/ExternalContent/AnimalVarietyPack/Crow/Animations/ANIM_Crow_TakeOff.uasset" 307
"../../../../UE/CRPG/Content/ExternalContent/AnimalVarietyPack/Crow/Animations/ANIM_Crow_Landing.uasset" 308
"../../../../UE/CRPG/Content/ExternalContent/AnimalVarietyPack/Crow/Animations/ANIM_Crow_InAirDeathGoToFall.uasset" 309
"../../../../UE/CRPG/Content/ExternalContent/AnimalVarietyPack/Crow/Animations/ANIM_Crow_IdleStretchWings.uasset" 310
"../../../../UE/CRPG/Content/ExternalContent/AnimalVarietyPack/Crow/Animations/ANIM_Crow_IdleScratchWing.uasset" 311
"../../../../UE/CRPG/Content/ExternalContent/AnimalVarietyPack/Crow/Animations/ANIM_Crow_IdleLookAround.uasset" 312
"../../../../UE/CRPG/Content/ExternalContent/AnimalVarietyPack/Crow/Animations/ANIM_Crow_Hop_RM.uasset" 313
"../../../../UE/CRPG/Content/ExternalContent/AnimalVarietyPack/Crow/Animations/ANIM_Crow_Hop.uasset" 314
"../../../../UE/CRPG/Content/ExternalContent/AnimalVarietyPack/Crow/Animations/ANIM_Crow_Glide.uasset" 315
"../../../../UE/CRPG/Content/ExternalContent/AnimalVarietyPack/Crow/Animations/ANIM_Crow_FlyingAttack.uasset" 316
"../../../../UE/CRPG/Content/ExternalContent/AnimalVarietyPack/Crow/Animations/ANIM_Crow_Fly.uasset" 317
"../../../../UE/CRPG/Content/ExternalContent/AnimalVarietyPack/Crow/Animations/ANIM_Crow_Falling.uasset" 318
"../../../../UE/CRPG/Content/ExternalContent/AnimalVarietyPack/Crow/Animations/ANIM_Crow_EatSomething.uasset" 319
"../../../../UE/CRPG/Content/ExternalContent/AnimalVarietyPack/Crow/Animations/ANIM_Crow_DeathHitTheGround.uasset" 320
"../../../../UE/CRPG/Content/ExternalContent/AnimalVarietyPack/Crow/Animations/ANIM_Crow_DeathGrounded.uasset" 321
"../../../../UE/CRPG/Content/ExternalContent/AnimalVarietyPack/Crow/Maps/Overview.umap" 322
"../../../../UE/CRPG/Content/ExternalContent/AnimalVarietyPack/DeerStagAndDoe/Meshes/SK_DeerStag_PhysicsAsset.uasset" 323
"../../../../UE/CRPG/Content/ExternalContent/AnimalVarietyPack/DeerStagAndDoe/Textures/T_Stag_OcclusionRoughnessMetllic.uasset" 324
"../../../../UE/CRPG/Content/ExternalContent/AnimalVarietyPack/DeerStagAndDoe/Textures/T_Stag_Nml.uasset" 325
"../../../../UE/CRPG/Content/ExternalContent/AnimalVarietyPack/DeerStagAndDoe/Textures/T_Stag_BaseColor.uasset" 326
"../../../../UE/CRPG/Content/ExternalContent/AnimalVarietyPack/DeerStagAndDoe/Textures/T_Stag_Specular.uasset" 327
"../../../../UE/CRPG/Content/ExternalContent/AnimalVarietyPack/DeerStagAndDoe/Materials/M_DeerStagFur.uasset" 328
"../../../../UE/CRPG/Content/ExternalContent/AnimalVarietyPack/DeerStagAndDoe/Materials/M_DeerStag.uasset" 329
"../../../../UE/CRPG/Content/ExternalContent/AnimalVarietyPack/DeerStagAndDoe/Meshes/SK_DeerStag.uasset" 330
"../../../../UE/CRPG/Content/ExternalContent/AnimalVarietyPack/DeerStagAndDoe/Meshes/SK_DeerDoe_PhysicsAsset.uasset" 331
"../../../../UE/CRPG/Content/ExternalContent/AnimalVarietyPack/DeerStagAndDoe/Textures/T_DeerDoe_OcclusionRoughnessMetallic.uasset" 332
"../../../../UE/CRPG/Content/ExternalContent/AnimalVarietyPack/DeerStagAndDoe/Textures/T_DeeDoe_Nml.uasset" 333
"../../../../UE/CRPG/Content/ExternalContent/AnimalVarietyPack/DeerStagAndDoe/Textures/T_DeeDoe_BaseColor.uasset" 334
"../../../../UE/CRPG/Content/ExternalContent/AnimalVarietyPack/DeerStagAndDoe/Materials/M_DeerDoeFur.uasset" 335
"../../../../UE/CRPG/Content/ExternalContent/AnimalVarietyPack/DeerStagAndDoe/Materials/M_DeerDoe.uasset" 336
"../../../../UE/CRPG/Content/ExternalContent/AnimalVarietyPack/DeerStagAndDoe/Meshes/SK_DeerDoe_Skeleton.uasset" 337
"../../../../UE/CRPG/Content/ExternalContent/AnimalVarietyPack/DeerStagAndDoe/Meshes/SK_DeerDoe.uasset" 338
"../../../../UE/CRPG/Content/ExternalContent/AnimalVarietyPack/DeerStagAndDoe/Maps/Overview_BuiltData.uasset" 339
"../../../../UE/CRPG/Content/ExternalContent/AnimalVarietyPack/DeerStagAndDoe/Animations/ANIM_DeerStag_Walk_RM.uasset" 340
"../../../../UE/CRPG/Content/ExternalContent/AnimalVarietyPack/DeerStagAndDoe/Animations/ANIM_DeerStag_Walk.uasset" 341
"../../../../UE/CRPG/Content/ExternalContent/AnimalVarietyPack/DeerStagAndDoe/Animations/ANIM_DeerStag_Run_RM.uasset" 342
"../../../../UE/CRPG/Content/ExternalContent/AnimalVarietyPack/DeerStagAndDoe/Animations/ANIM_DeerStag_Run.uasset" 343
"../../../../UE/CRPG/Content/ExternalContent/AnimalVarietyPack/DeerStagAndDoe/Animations/ANIM_DeerStag_IdleLookAround.uasset" 344
"../../../../UE/CRPG/Content/ExternalContent/AnimalVarietyPack/DeerStagAndDoe/Animations/ANIM_DeerStag_IdleBreathe.uasset" 345
"../../../../UE/CRPG/Content/ExternalContent/AnimalVarietyPack/DeerStagAndDoe/Animations/ANIM_DeerStag_GetHit.uasset" 346
"../../../../UE/CRPG/Content/ExternalContent/AnimalVarietyPack/DeerStagAndDoe/Animations/ANIM_DeerStag_Death.uasset" 347
"../../../../UE/CRPG/Content/ExternalContent/AnimalVarietyPack/DeerStagAndDoe/Animations/ANIM_DeerStag_AntlersComboAttack_RM.uasset" 348
"../../../../UE/CRPG/Content/ExternalContent/AnimalVarietyPack/DeerStagAndDoe/Animations/ANIM_DeerStag_AntlersComboAttack.uasset" 349
"../../../../UE/CRPG/Content/ExternalContent/AnimalVarietyPack/DeerStagAndDoe/Animations/ANIM_DeerStag_AntlersAttack.uasset" 350
"../../../../UE/CRPG/Content/ExternalContent/AnimalVarietyPack/DeerStagAndDoe/Animations/ANIM_DeerDoe_Walk_RM.uasset" 351
"../../../../UE/CRPG/Content/ExternalContent/AnimalVarietyPack/DeerStagAndDoe/Animations/ANIM_DeerDoe_WalkTurnR_RM.uasset" 352
"../../../../UE/CRPG/Content/ExternalContent/AnimalVarietyPack/DeerStagAndDoe/Animations/ANIM_DeerDoe_WalkTurnR.uasset" 353
"../../../../UE/CRPG/Content/ExternalContent/AnimalVarietyPack/DeerStagAndDoe/Animations/ANIM_DeerDoe_WalkTurnL_RM.uasset" 354
"../../../../UE/CRPG/Content/ExternalContent/AnimalVarietyPack/DeerStagAndDoe/Animations/ANIM_DeerDoe_WalkTurnL.uasset" 355
"../../../../UE/CRPG/Content/ExternalContent/AnimalVarietyPack/DeerStagAndDoe/Animations/ANIM_DeerDoe_WalkGraze_RM.uasset" 356
"../../../../UE/CRPG/Content/ExternalContent/AnimalVarietyPack/DeerStagAndDoe/Animations/ANIM_DeerDoe_WalkGraze.uasset" 357
"../../../../UE/CRPG/Content/ExternalContent/AnimalVarietyPack/DeerStagAndDoe/Animations/ANIM_DeerDoe_Walk.uasset" 358
"../../../../UE/CRPG/Content/ExternalContent/AnimalVarietyPack/DeerStagAndDoe/Animations/ANIM_DeerDoe_SleepToGoBackUp.uasset" 359
"../../../../UE/CRPG/Content/ExternalContent/AnimalVarietyPack/DeerStagAndDoe/Animations/ANIM_DeerDoe_Run_RM.uasset" 360
"../../../../UE/CRPG/Content/ExternalContent/AnimalVarietyPack/DeerStagAndDoe/Animations/ANIM_DeerDoe_Run.uasset" 361
"../../../../UE/CRPG/Content/ExternalContent/AnimalVarietyPack/DeerStagAndDoe/Animations/ANIM_DeerDoe_RestToGoBackUp.uasset" 362
"../../../../UE/CRPG/Content/ExternalContent/AnimalVarietyPack/DeerStagAndDoe/Animations/ANIM_DeerDoe_IdleSleep.uasset" 363
"../../../../UE/CRPG/Content/ExternalContent/AnimalVarietyPack/DeerStagAndDoe/Animations/ANIM_DeerDoe_IdleRest.uasset" 364
"../../../../UE/CRPG/Content/ExternalContent/AnimalVarietyPack/DeerStagAndDoe/Animations/ANIM_DeerDoe_IdleChew.uasset" 365
"../../../../UE/CRPG/Content/ExternalContent/AnimalVarietyPack/DeerStagAndDoe/Animations/ANIM_DeerDoe_IdleBreathe.uasset" 366
"../../../../UE/CRPG/Content/ExternalContent/AnimalVarietyPack/DeerStagAndDoe/Animations/ANIM_DeerDoe_GrazeOnce.uasset" 367
"../../../../UE/CRPG/Content/ExternalContent/AnimalVarietyPack/DeerStagAndDoe/Animations/ANIM_DeerDoe_GoToRest.uasset" 368
"../../../../UE/CRPG/Content/ExternalContent/AnimalVarietyPack/DeerStagAndDoe/Animations/ANIM_DeerDoe_GetHit.uasset" 369
"../../../../UE/CRPG/Content/ExternalContent/AnimalVarietyPack/DeerStagAndDoe/Animations/ANIM_DeerDoe_Death.uasset" 370
"../../../../UE/CRPG/Content/ExternalContent/AnimalVarietyPack/DeerStagAndDoe/Animations/ANIM_DeerDoe_IdleGraze.uasset" 371
"../../../../UE/CRPG/Content/ExternalContent/AnimalVarietyPack/DeerStagAndDoe/Animations/ANIM_DeerDoe_IdleLookAround.uasset" 372
"../../../../UE/CRPG/Content/ExternalContent/AnimalVarietyPack/DeerStagAndDoe/Maps/Overview.umap" 373
"../../../../UE/CRPG/Content/ExternalContent/AnimalVarietyPack/Fox/Maps/Overview_BuiltData.uasset" 374
"../../../../UE/CRPG/Content/ExternalContent/AnimalVarietyPack/Fox/Animations/ANIM_Fox_Walk_RM.uasset" 375
"../../../../UE/CRPG/Content/ExternalContent/AnimalVarietyPack/Fox/Animations/ANIM_Fox_Run_RM.uasset" 376
"../../../../UE/CRPG/Content/ExternalContent/AnimalVarietyPack/Fox/Animations/ANIM_Fox_RunBite_RM.uasset" 377
"../../../../UE/CRPG/Content/ExternalContent/AnimalVarietyPack/Fox/Animations/ANIM_Fox_RunBite.uasset" 378
"../../../../UE/CRPG/Content/ExternalContent/AnimalVarietyPack/Fox/Animations/ANIM_Fox_JumpBite_RM.uasset" 379
"../../../../UE/CRPG/Content/ExternalContent/AnimalVarietyPack/Fox/Animations/ANIM_Fox_JumpBite.uasset" 380
"../../../../UE/CRPG/Content/ExternalContent/AnimalVarietyPack/Fox/Animations/ANIM_Fox_IdleAggressive.uasset" 381
"../../../../UE/CRPG/Content/ExternalContent/AnimalVarietyPack/Fox/Maps/Overview.umap" 382
"../../../../UE/CRPG/Content/ExternalContent/AnimalVarietyPack/Pig/Textures/T_PigDirty_OcclusionRoughnessMetallic.uasset" 383
"../../../../UE/CRPG/Content/ExternalContent/AnimalVarietyPack/Pig/Textures/T_PigDirty_Nml.uasset" 384
"../../../../UE/CRPG/Content/ExternalContent/AnimalVarietyPack/Pig/Textures/T_PigDirty_BaseColor.uasset" 385
"../../../../UE/CRPG/Content/ExternalContent/AnimalVarietyPack/Pig/Textures/T_Pig_Specular.uasset" 386
"../../../../UE/CRPG/Content/ExternalContent/AnimalVarietyPack/Pig/Materials/M_PigHairDirty.uasset" 387
"../../../../UE/CRPG/Content/ExternalContent/AnimalVarietyPack/Pig/Materials/M_PigDirty.uasset" 388
"../../../../UE/CRPG/Content/ExternalContent/AnimalVarietyPack/Pig/Maps/Overview_BuiltData.uasset" 389
"../../../../UE/CRPG/Content/ExternalContent/AnimalVarietyPack/Pig/Meshes/SK_Pig_PhysicsAsset.uasset" 390
"../../../../UE/CRPG/Content/ExternalContent/AnimalVarietyPack/Pig/Textures/T_Pig_OcclusionRoughnessMetallic.uasset" 391
"../../../../UE/CRPG/Content/ExternalContent/AnimalVarietyPack/Pig/Textures/T_Pig_Nml.uasset" 392
"../../../../UE/CRPG/Content/ExternalContent/AnimalVarietyPack/Pig/Textures/T_Pig_BaseColor.uasset" 393
"../../../../UE/CRPG/Content/ExternalContent/AnimalVarietyPack/Pig/Materials/M_PigHair.uasset" 394
"../../../../UE/CRPG/Content/ExternalContent/AnimalVarietyPack/Pig/Materials/M_Pig.uasset" 395
"../../../../UE/CRPG/Content/ExternalContent/AnimalVarietyPack/Pig/Meshes/SK_Pig.uasset" 396
"../../../../UE/CRPG/Content/ExternalContent/AnimalVarietyPack/Pig/Animations/ANIM_Pig_Walk_RM.uasset" 397
"../../../../UE/CRPG/Content/ExternalContent/AnimalVarietyPack/Pig/Animations/ANIM_Pig_Walk.uasset" 398
"../../../../UE/CRPG/Content/ExternalContent/AnimalVarietyPack/Pig/Animations/ANIM_Pig_SniffleforFood.uasset" 399
"../../../../UE/CRPG/Content/ExternalContent/AnimalVarietyPack/Pig/Animations/ANIM_Pig_Run_RM.uasset" 400
"../../../../UE/CRPG/Content/ExternalContent/AnimalVarietyPack/Pig/Animations/ANIM_Pig_Run.uasset" 401
"../../../../UE/CRPG/Content/ExternalContent/AnimalVarietyPack/Pig/Animations/ANIM_Pig_IdleLookAround.uasset" 402
"../../../../UE/CRPG/Content/ExternalContent/AnimalVarietyPack/Pig/Animations/ANIM_Pig_IdleBreathe.uasset" 403
"../../../../UE/CRPG/Content/ExternalContent/AnimalVarietyPack/Pig/Animations/ANIM_Pig_GetHit.uasset" 404
"../../../../UE/CRPG/Content/ExternalContent/AnimalVarietyPack/Pig/Animations/ANIM_Pig_Death.uasset" 405
"../../../../UE/CRPG/Content/ExternalContent/AnimalVarietyPack/Pig/Animations/ANIM_Pig_ComboAttackForward_RM.uasset" 406
"../../../../UE/CRPG/Content/ExternalContent/AnimalVarietyPack/Pig/Animations/ANIM_Pig_ComboAttackForward.uasset" 407
"../../../../UE/CRPG/Content/ExternalContent/AnimalVarietyPack/Pig/Animations/ANIM_Pig_Chew.uasset" 408
"../../../../UE/CRPG/Content/ExternalContent/AnimalVarietyPack/Pig/Animations/ANIM_Pig_attack.uasset" 409
"../../../../UE/CRPG/Content/ExternalContent/AnimalVarietyPack/Pig/Maps/Overview.umap" 410
"../../../../UE/CRPG/Content/ExternalContent/AnimalVarietyPack/Wolf/Meshes/SK_Wolf_PhysicsAsset.uasset" 411
"../../../../UE/CRPG/Content/ExternalContent/AnimalVarietyPack/Wolf/Textures/T_Wolf_Specular.uasset" 412
"../../../../UE/CRPG/Content/ExternalContent/AnimalVarietyPack/Wolf/Textures/T_Wolf_OcclusionRoughnessMetallic.uasset" 413
"../../../../UE/CRPG/Content/ExternalContent/AnimalVarietyPack/Wolf/Textures/T_Wolf_Nml.uasset" 414
"../../../../UE/CRPG/Content/ExternalContent/AnimalVarietyPack/Wolf/Textures/T_Wolf_BaseColorAlpha.uasset" 415
"../../../../UE/CRPG/Content/ExternalContent/AnimalVarietyPack/Wolf/Materials/M_WolfFur.uasset" 416
"../../../../UE/CRPG/Content/ExternalContent/AnimalVarietyPack/Wolf/Materials/M_Wolf.uasset" 417
"../../../../UE/CRPG/Content/ExternalContent/AnimalVarietyPack/Wolf/Meshes/SK_Wolf.uasset" 418
"../../../../UE/CRPG/Content/ExternalContent/AnimalVarietyPack/Wolf/Textures/T_WolfDark_BaseColorAlpha.uasset" 419
"../../../../UE/CRPG/Content/ExternalContent/AnimalVarietyPack/Wolf/Materials/M_WolfFurDark.uasset" 420
"../../../../UE/CRPG/Content/ExternalContent/AnimalVarietyPack/Wolf/Textures/T_WolfArctic_BaseColorAlpha.uasset" 421
"../../../../UE/CRPG/Content/ExternalContent/AnimalVarietyPack/Wolf/Materials/M_WolfFurArctic.uasset" 422
"../../../../UE/CRPG/Content/ExternalContent/AnimalVarietyPack/Wolf/Textures/T_WolfDark_Illum.uasset" 423
"../../../../UE/CRPG/Content/ExternalContent/AnimalVarietyPack/Wolf/Materials/M_WolfDark.uasset" 424
"../../../../UE/CRPG/Content/ExternalContent/AnimalVarietyPack/Wolf/Materials/M_WolfArctic.uasset" 425
"../../../../UE/CRPG/Content/ExternalContent/AnimalVarietyPack/Wolf/Maps/Overview_BuiltData.uasset" 426
"../../../../UE/CRPG/Content/ExternalContent/AnimalVarietyPack/Wolf/Animations/ANIM_Wolf_Walk_RM.uasset" 427
"../../../../UE/CRPG/Content/ExternalContent/AnimalVarietyPack/Wolf/Animations/ANIM_Wolf_Run_RM.uasset" 428
"../../../../UE/CRPG/Content/ExternalContent/AnimalVarietyPack/Wolf/Animations/ANIM_Wolf_RunBite_RM.uasset" 429
"../../../../UE/CRPG/Content/ExternalContent/AnimalVarietyPack/Wolf/Animations/ANIM_Wolf_RunBite.uasset" 430
"../../../../UE/CRPG/Content/ExternalContent/AnimalVarietyPack/Wolf/Animations/ANIM_Wolf_Run.uasset" 431
"../../../../UE/CRPG/Content/ExternalContent/AnimalVarietyPack/Wolf/Animations/ANIM_Wolf_JumpBite_RM.uasset" 432
"../../../../UE/CRPG/Content/ExternalContent/AnimalVarietyPack/Wolf/Animations/ANIM_Wolf_JumpBite.uasset" 433
"../../../../UE/CRPG/Content/ExternalContent/AnimalVarietyPack/Wolf/Animations/ANIM_Wolf_IdleLookAround.uasset" 434
"../../../../UE/CRPG/Content/ExternalContent/AnimalVarietyPack/Wolf/Animations/ANIM_Wolf_IdleBreathe.uasset" 435
"../../../../UE/CRPG/Content/ExternalContent/AnimalVarietyPack/Wolf/Animations/ANIM_Wolf_IdleAggressive.uasset" 436
"../../../../UE/CRPG/Content/ExternalContent/AnimalVarietyPack/Wolf/Animations/ANIM_Wolf_Howl.uasset" 437
"../../../../UE/CRPG/Content/ExternalContent/AnimalVarietyPack/Wolf/Animations/ANIM_Wolf_Walk.uasset" 438
"../../../../UE/CRPG/Content/ExternalContent/AnimalVarietyPack/Wolf/Animations/ANIM_Wolf_GetHitRight.uasset" 439
"../../../../UE/CRPG/Content/ExternalContent/AnimalVarietyPack/Wolf/Animations/ANIM_Wolf_GetHitLeft.uasset" 440
"../../../../UE/CRPG/Content/ExternalContent/AnimalVarietyPack/Wolf/Animations/ANIM_Wolf_GetHitFront.uasset" 441
"../../../../UE/CRPG/Content/ExternalContent/AnimalVarietyPack/Wolf/Animations/ANIM_Wolf_Death.uasset" 442
"../../../../UE/CRPG/Content/ExternalContent/AnimalVarietyPack/Wolf/Animations/ANIM_Wolf_Bite.uasset" 443
"../../../../UE/CRPG/Content/ExternalContent/AnimalVarietyPack/Wolf/Maps/Overview.umap" 444
"../../../../UE/CRPG/Content/Levels/TestMap_BuiltData.uasset" 445
"../../../../UE/CRPG/Content/ExternalContents/PolygonCity/Textures/T_PolygonCity_Road_Normal.uasset" 446
"../../../../UE/CRPG/Content/ExternalContents/PolygonCity/Textures/T_PolygonCity_Road_01.uasset" 447
"../../../../UE/CRPG/Content/ExternalContents/PolygonCity/Materials/Mat_PolygonCity_Texture_Road_01.uasset" 448
"../../../../UE/CRPG/Content/UI/WBP_PlayerFieldWidget.uasset" 449
"../../../../UE/CRPG/Content/UI/WBP_GamePauseWidget.uasset" 450
"../../../../UE/CRPG/Content/UI/WBP_GameOverWidget.uasset" 451
"../../../../UE/CRPG/Content/UI/BP_GameHUD.uasset" 452
"../../../../UE/CRPG/Content/Player/BP_PlayerController.uasset" 453
"../../../../UE/CRPG/Content/AI/BP_AIController.uasset" 454
"../../../../UE/CRPG/Content/AI/EQS/EQS_Random.uasset" 455
"../../../../UE/CRPG/Content/AI/BB_AICharacter.uasset" 456
"../../../../UE/CRPG/Content/AI/BT_AICharacter.uasset" 457
"../../../../UE/CRPG/Content/AI/BP_AICharacter.uasset" 458
"../../../../UE/CRPG/Content/BP_CRPGGameModeBase.uasset" 459
"../../../../UE/CRPG/Content/Levels/TestMap.umap" 460
"../../../../UE/CRPG/Content/Menu/MenuLevel_BuiltData.uasset" 461
"../../../../UE/CRPG/Content/Menu/WBP_CRPGMenuWidget.uasset" 462
"../../../../UE/CRPG/Content/Menu/BP_CRPGMenuHUD.uasset" 463
"../../../../UE/CRPG/Content/Menu/BP_CRPGMenuController.uasset" 464
"../../../../UE/CRPG/Content/Menu/BP_CRPGMenuGameModeBase.uasset" 465
"../../../../UE/CRPG/Content/Menu/MenuLevel.umap" 466
"../../../Engine/Content/Maps/Entry_BuiltData.uasset" 467
"../../../Engine/Content/Maps/Entry.umap" 468
